================================================================================
Appcelerator Titanium Diagnostics Build Log
The contents of this file are useful to send to Appcelerator Support if
reporting an issue to help us understand your environment, build settings
and aid in debugging. Please attach this log to any issue that you report.
================================================================================

Starting build at 01/13/12 02:23

Build details:

   timestamp=11/02/11 17:00
   version=1.7.5
   githash=ab20af7


Script arguments:
   /Users/chuka/Library/Application Support/Titanium/mobilesdk/osx/1.7.5/iphone/builder.py
   simulator
   5.0
   /Users/chuka/Desktop/titanium/LifeMeter
   me.lightcurves.alan
   LifeMeter
   universal
   iphone
   192.168.1.123:52953

Building from: /Users/chuka/Library/Application Support/Titanium/mobilesdk/osx/1.7.5/iphone
Platform: Darwin Kernel Version 11.2.0: Tue Aug  9 20:54:00 PDT 2011; root:xnu-1699.24.8~1/RELEASE_X86_64

Xcode path is: /Developer


githash=ab20af7, existing_git_hash=ab20af7
writing contents of /Users/chuka/Desktop/titanium/LifeMeter/build/iphone/project.xcconfig:

TI_VERSION=1.7.5
TI_SDK_DIR=/Users/chuka/Library/Application Support/Titanium/mobilesdk/osx/$(TI_VERSION)/iphone
TI_APPID=me.lightcurves.alan
OTHER_LDFLAGS[sdk=iphoneos*]=$(inherited) -weak_framework iAd
OTHER_LDFLAGS[sdk=iphonesimulator*]=$(inherited) -weak_framework iAd
#include "module"

old contents


Generated the following stylecode code:

<?xml version="1.0" encoding="UTF-8"?>
<!DOCTYPE plist PUBLIC "-//Apple//DTD PLIST 1.0//EN" "http://www.apple.com/DTDs/PropertyList-1.0.dtd">
<plist version="1.0">
	<dict>
		<key>classes</key>
		<dict>
</dict>

		<key>classes_density</key>
		<dict>
</dict>

		<key>ids</key>
		<dict>
</dict>

		<key>ids_density</key>
		<dict>
</dict>

		<key>tags</key>
		<dict>
</dict>

		<key>tags_density</key>
		<dict>
</dict>

	</dict>
</plist>
Starting Xcode compile with the following arguments:

    xcodebuild
    -target
    LifeMeter-universal
    -configuration
    Debug
    -sdk
    iphonesimulator5.0
    GCC_PREPROCESSOR_DEFINITIONS=__LOG__ID__=72942991-aab5-4677-8bdf-b82c4b33abb3 DEPLOYTYPE=development TI_DEVELOPMENT=1 DEBUG=1 TI_VERSION=1.7.5 DEBUGGER_ENABLED=1
    IPHONEOS_DEPLOYMENT_TARGET=3.1
    TARGETED_DEVICE_FAMILY=1,2
    VALID_ARCHS=armv6 armv7 i386

app_id = me.lightcurves.alan


Build settings from command line:
    GCC_PREPROCESSOR_DEFINITIONS = __LOG__ID__=72942991-aab5-4677-8bdf-b82c4b33abb3 DEPLOYTYPE=development TI_DEVELOPMENT=1 DEBUG=1 TI_VERSION=1.7.5 DEBUGGER_ENABLED=1
    IPHONEOS_DEPLOYMENT_TARGET = 3.1
    SDKROOT = iphonesimulator5.0
    TARGETED_DEVICE_FAMILY = 1,2
    VALID_ARCHS = armv6 armv7 i386

xcodebuild: error: The project 'Alan.xcodeproj' does not contain a target named 'LifeMeter-universal'.
EXIT CODE WAS: 65

Exception detected in script:
Traceback (most recent call last):
  File "/Users/chuka/Library/Application Support/Titanium/mobilesdk/osx/1.7.5/iphone/builder.py", line 1222, in main
    execute_xcode("iphonesimulator%s" % link_version,["GCC_PREPROCESSOR_DEFINITIONS=__LOG__ID__=%s DEPLOYTYPE=development TI_DEVELOPMENT=1 DEBUG=1 TI_VERSION=%s %s" % (log_id,sdk_version,debugstr)],False)
  File "/Users/chuka/Library/Application Support/Titanium/mobilesdk/osx/1.7.5/iphone/builder.py", line 1140, in execute_xcode
    output = run.run(args,False,False,o)
  File "/Users/chuka/Library/Application Support/Titanium/mobilesdk/osx/1.7.5/iphone/run.py", line 39, in run
    sys.exit(rc)
SystemExit: 65
